1) [STEP2] ãƒ¦ãƒ¼ã‚¶ãƒ­ã‚°ã‚¤ãƒ³å¾Œã®ãƒ†ã‚¹ãƒˆ æŠ•ç¨¿ä¸€è¦§ç”»é¢ã®ãƒ†ã‚¹ãƒˆ è¡¨ç¤ºå†…å®¹ã®ç¢ºèª è‡ªåˆ†ã¨ä»–äººã®ç”»åƒã®ãƒªãƒ³ã‚¯å…ˆãŒæ­£ã—ã„
     [31mFailure/Error: expect(page).to have_link '', href: user_path(other_book.user)[0m
     [31m  expected to find link "" with href "/users/2" but there were no matches[0m
     [36m# ./spec/system/02_after_login_spec.rb:52:in `block (4 levels) in <main>'[0m

  2) [STEP2] ãƒ¦ãƒ¼ã‚¶ãƒ­ã‚°ã‚¤ãƒ³å¾Œã®ãƒ†ã‚¹ãƒˆ è‡ªåˆ†ã®æŠ•ç¨¿è©³ç´°ç”»é¢ã®ãƒ†ã‚¹ãƒˆ ã‚µã‚¤ãƒ‰ãƒãƒ¼ã®ç¢ºèª bodyãƒ•ã‚©ãƒ¼ãƒ ã«å€¤ãŒå…¥ã£ã¦ã„ãªã„
     [31mFailure/Error: expect(find_field('book[body]').text).to be_blank[0m
     [31m  expected `"eds8sd3cnq8uhbdrqr46".blank?` to be truthy, got false[0m
     [36m# ./spec/system/02_after_login_spec.rb:158:in `block (4 levels) in <main>'[0m

  3) [STEP2] ãƒ¦ãƒ¼ã‚¶ãƒ­ã‚°ã‚¤ãƒ³å¾Œã®ãƒ†ã‚¹ãƒˆ è‡ªåˆ†ã®æŠ•ç¨¿è©³ç´°ç”»é¢ã®ãƒ†ã‚¹ãƒˆ æŠ•ç¨¿æˆåŠŸã®ãƒ†ã‚¹ãƒˆ è‡ªåˆ†ã®æ–°ã—ã„æŠ•ç¨¿ãŒæ­£ã—ãä¿å­˜ã•ã‚Œã‚‹
     [31mFailure/Error: expect { click_button 'Create Book' }.to change(user.books, :count).by(1)[0m
     [31m  expected `Book::ActiveRecord_Associations_CollectionProxy#count` to have changed by 1, but was changed by 0[0m
     [36m# ./spec/system/02_after_login_spec.rb:172:in `block (4 levels) in <main>'[0m

  4) [STEP3] ä»•ä¸Šã’ã®ãƒ†ã‚¹ãƒˆ å‡¦ç†å¤±æ•—æ™‚ã®ãƒ†ã‚¹ãƒˆ æŠ•ç¨¿ãƒ‡ãƒ¼ã‚¿ã®æ›´æ–°å¤±æ•—: titleã‚’ç©ºã«ã™ã‚‹ æŠ•ç¨¿ãŒæ›´æ–°ã•ã‚Œãªã„
     [31mFailure/Error: <% if @user.profile_image.attached? %>[0m
     [31m[0m
     [31mActionView::Template::Error:[0m
     [31m  undefined method `profile_image' for nil:NilClass[0m
     [36m# ./app/views/books/_list.html.erb:5:in `_app_views_books__list_html_erb__3611039799083279443_23980'[0m
     [36m# ./app/views/books/index.html.erb:15:in `_app_views_books_index_html_erb___751037036412300596_26760'[0m
     [36m# ./app/controllers/books_controller.rb:39:in `update'[0m
     [36m# /home/ec2-user/.rvm/gems/ruby-3.1.2/gems/actiontext-6.1.7.6/lib/action_text/rendering.rb:20:in `with_renderer'[0m
     [36m# /home/ec2-user/.rvm/gems/ruby-3.1.2/gems/actiontext-6.1.7.6/lib/action_text/engine.rb:59:in `block (4 levels) in <class:Engine>'[0m
     [36m# /home/ec2-user/.rvm/gems/ruby-3.1.2/gems/warden-1.2.9/lib/warden/manager.rb:36:in `block in call'[0m
     [36m# /home/ec2-user/.rvm/gems/ruby-3.1.2/gems/warden-1.2.9/lib/warden/manager.rb:34:in `catch'[0m
     [36m# /home/ec2-user/.rvm/gems/ruby-3.1.2/gems/warden-1.2.9/lib/warden/manager.rb:34:in `call'[0m
     [36m# /home/ec2-user/.rvm/gems/ruby-3.1.2/gems/rack-2.2.8/lib/rack/tempfile_reaper.rb:15:in `call'[0m
     [36m# /home/ec2-user/.rvm/gems/ruby-3.1.2/gems/rack-2.2.8/lib/rack/etag.rb:27:in `call'[0m
     [36m# /home/ec2-user/.rvm/gems/ruby-3.1.2/gems/rack-2.2.8/lib/rack/conditional_get.rb:40:in `call'[0m
     [36m# /home/ec2-user/.rvm/gems/ruby-3.1.2/gems/rack-2.2.8/lib/rack/head.rb:12:in `call'[0m
     [36m# /home/ec2-user/.rvm/gems/ruby-3.1.2/gems/rack-2.2.8/lib/rack/session/abstract/id.rb:266:in `context'[0m
     [36m# /home/ec2-user/.rvm/gems/ruby-3.1.2/gems/rack-2.2.8/lib/rack/session/abstract/id.rb:260:in `call'[0m
     [36m# /home/ec2-user/.rvm/gems/ruby-3.1.2/gems/railties-6.1.7.6/lib/rails/rack/logger.rb:37:in `call_app'[0m
     [36m# /home/ec2-user/.rvm/gems/ruby-3.1.2/gems/railties-6.1.7.6/lib/rails/rack/logger.rb:26:in `block in call'[0m
     [36m# /home/ec2-user/.rvm/gems/ruby-3.1.2/gems/railties-6.1.7.6/lib/rails/rack/logger.rb:26:in `call'[0m
     [36m# /home/ec2-user/.rvm/gems/ruby-3.1.2/gems/rack-2.2.8/lib/rack/method_override.rb:24:in `call'[0m
     [36m# /home/ec2-user/.rvm/gems/ruby-3.1.2/gems/rack-2.2.8/lib/rack/runtime.rb:22:in `call'[0m
     [36m# /home/ec2-user/.rvm/gems/ruby-3.1.2/gems/rack-2.2.8/lib/rack/sendfile.rb:110:in `call'[0m
     [36m# /home/ec2-user/.rvm/gems/ruby-3.1.2/gems/railties-6.1.7.6/lib/rails/engine.rb:539:in `call'[0m
     [36m# /home/ec2-user/.rvm/gems/ruby-3.1.2/gems/rack-2.2.8/lib/rack/urlmap.rb:74:in `block in call'[0m
     [36m# /home/ec2-user/.rvm/gems/ruby-3.1.2/gems/rack-2.2.8/lib/rack/urlmap.rb:58:in `each'[0m
     [36m# /home/ec2-user/.rvm/gems/ruby-3.1.2/gems/rack-2.2.8/lib/rack/urlmap.rb:58:in `call'[0m
     [36m# /home/ec2-user/.rvm/gems/ruby-3.1.2/gems/rack-2.2.8/lib/rack/builder.rb:244:in `call'[0m
     [36m# /home/ec2-user/.rvm/gems/ruby-3.1.2/gems/rack-test-2.1.0/lib/rack/test.rb:360:in `process_request'[0m
     [36m# /home/ec2-user/.rvm/gems/ruby-3.1.2/gems/rack-test-2.1.0/lib/rack/test.rb:163:in `custom_request'[0m
     [36m# /home/ec2-user/.rvm/gems/ruby-3.1.2/gems/rack-test-2.1.0/lib/rack/test.rb:112:in `post'[0m
     [36m# /home/ec2-user/.rvm/gems/ruby-3.1.2/gems/capybara-3.40.0/lib/capybara/rack_test/browser.rb:81:in `process'[0m
     [36m# /home/ec2-user/.rvm/gems/ruby-3.1.2/gems/capybara-3.40.0/lib/capybara/rack_test/browser.rb:56:in `process_and_follow_redirects'[0m
     [36m# /home/ec2-user/.rvm/gems/ruby-3.1.2/gems/capybara-3.40.0/lib/capybara/rack_test/browser.rb:40:in `submit'[0m
     [36m# /home/ec2-user/.rvm/gems/ruby-3.1.2/gems/capybara-3.40.0/lib/capybara/rack_test/form.rb:57:in `submit'[0m
     [36m# /home/ec2-user/.rvm/gems/ruby-3.1.2/gems/capybara-3.40.0/lib/capybara/rack_test/node.rb:69:in `click'[0m
     [36m# /home/ec2-user/.rvm/gems/ruby-3.1.2/gems/capybara-3.40.0/lib/capybara/rack_test/node.rb:131:in `call'[0m
     [36m# /home/ec2-user/.rvm/gems/ruby-3.1.2/gems/capybara-3.40.0/lib/capybara/rack_test/node.rb:131:in `click'[0m
     [36m# /home/ec2-user/.rvm/gems/ruby-3.1.2/gems/capybara-3.40.0/lib/capybara/node/element.rb:172:in `block in click'[0m
     [36m# /home/ec2-user/.rvm/gems/ruby-3.1.2/gems/capybara-3.40.0/lib/capybara/node/element.rb:608:in `block in perform_click_action'[0m
     [36m# /home/ec2-user/.rvm/gems/ruby-3.1.2/gems/capybara-3.40.0/lib/capybara/node/base.rb:84:in `synchronize'[0m
     [36m# /home/ec2-user/.rvm/gems/ruby-3.1.2/gems/capybara-3.40.0/lib/capybara/node/element.rb:608:in `perform_click_action'[0m
     [36m# /home/ec2-user/.rvm/gems/ruby-3.1.2/gems/capybara-3.40.0/lib/capybara/node/element.rb:171:in `click'[0m
     [36m# /home/ec2-user/.rvm/gems/ruby-3.1.2/gems/capybara-3.40.0/lib/capybara/node/actions.rb:58:in `click_button'[0m
     [36m# /home/ec2-user/.rvm/gems/ruby-3.1.2/gems/capybara-3.40.0/lib/capybara/session.rb:774:in `click_button'[0m
     [36m# /home/ec2-user/.rvm/gems/ruby-3.1.2/gems/capybara-3.40.0/lib/capybara/dsl.rb:52:in `call'[0m
     [36m# /home/ec2-user/.rvm/gems/ruby-3.1.2/gems/capybara-3.40.0/lib/capybara/dsl.rb:52:in `click_button'[0m
     [36m# ./spec/system/03_finishing_touches_spec.rb:159:in `block (4 levels) in <main>'[0m
     [36m# ------------------[0m
     [36m# --- Caused by: ---[0m
     [36m# NoMethodError:[0m
     [36m#   undefined method `profile_image' for nil:NilClass[0m
     [36m#   ./app/views/books/_list.html.erb:5:in `_app_views_books__list_html_erb__3611039799083279443_23980'[0m

  5) [STEP3] ä»•ä¸Šã’ã®ãƒ†ã‚¹ãƒˆ å‡¦ç†å¤±æ•—æ™‚ã®ãƒ†ã‚¹ãƒˆ æŠ•ç¨¿ãƒ‡ãƒ¼ã‚¿ã®æ›´æ–°å¤±æ•—: titleã‚’ç©ºã«ã™ã‚‹ æŠ•ç¨¿ç·¨é›†ç”»é¢ã‚’è¡¨ç¤ºã—ã¦ãŠã‚Šã€ãƒ•ã‚©ãƒ¼ãƒ ã®å†…å®¹ãŒæ­£ã—ã„
     [31mFailure/Error: <% if @user.profile_image.attached? %>[0m
     [31m[0m
     [31mActionView::Template::Error:[0m
     [31m  undefined method `profile_image' for nil:NilClass[0m
     [36m# ./app/views/books/_list.html.erb:5:in `_app_views_books__list_html_erb__3611039799083279443_23980'[0m
     [36m# ./app/views/books/index.html.erb:15:in `_app_views_books_index_html_erb___751037036412300596_26760'[0m
     [36m# ./app/controllers/books_controller.rb:39:in `update'[0m
     [36m# /home/ec2-user/.rvm/gems/ruby-3.1.2/gems/actiontext-6.1.7.6/lib/action_text/rendering.rb:20:in `with_renderer'[0m
     [36m# /home/ec2-user/.rvm/gems/ruby-3.1.2/gems/actiontext-6.1.7.6/lib/action_text/engine.rb:59:in `block (4 levels) in <class:Engine>'[0m
     [36m# /home/ec2-user/.rvm/gems/ruby-3.1.2/gems/warden-1.2.9/lib/warden/manager.rb:36:in `block in call'[0m
     [36m# /home/ec2-user/.rvm/gems/ruby-3.1.2/gems/warden-1.2.9/lib/warden/manager.rb:34:in `catch'[0m
     [36m# /home/ec2-user/.rvm/gems/ruby-3.1.2/gems/warden-1.2.9/lib/warden/manager.rb:34:in `call'[0m
     [36m# /home/ec2-user/.rvm/gems/ruby-3.1.2/gems/rack-2.2.8/lib/rack/tempfile_reaper.rb:15:in `call'[0m
     [36m# /home/ec2-user/.rvm/gems/ruby-3.1.2/gems/rack-2.2.8/lib/rack/etag.rb:27:in `call'[0m
     [36m# /home/ec2-user/.rvm/gems/ruby-3.1.2/gems/rack-2.2.8/lib/rack/conditional_get.rb:40:in `call'[0m
     [36m# /home/ec2-user/.rvm/gems/ruby-3.1.2/gems/rack-2.2.8/lib/rack/head.rb:12:in `call'[0m
     [36m# /home/ec2-user/.rvm/gems/ruby-3.1.2/gems/rack-2.2.8/lib/rack/session/abstract/id.rb:266:in `context'[0m
     [36m# /home/ec2-user/.rvm/gems/ruby-3.1.2/gems/rack-2.2.8/lib/rack/session/abstract/id.rb:260:in `call'[0m
     [36m# /home/ec2-user/.rvm/gems/ruby-3.1.2/gems/railties-6.1.7.6/lib/rails/rack/logger.rb:37:in `call_app'[0m
     [36m# /home/ec2-user/.rvm/gems/ruby-3.1.2/gems/railties-6.1.7.6/lib/rails/rack/logger.rb:26:in `block in call'[0m
     [36m# /home/ec2-user/.rvm/gems/ruby-3.1.2/gems/railties-6.1.7.6/lib/rails/rack/logger.rb:26:in `call'[0m
     [36m# /home/ec2-user/.rvm/gems/ruby-3.1.2/gems/rack-2.2.8/lib/rack/method_override.rb:24:in `call'[0m
     [36m# /home/ec2-user/.rvm/gems/ruby-3.1.2/gems/rack-2.2.8/lib/rack/runtime.rb:22:in `call'[0m
     [36m# /home/ec2-user/.rvm/gems/ruby-3.1.2/gems/rack-2.2.8/lib/rack/sendfile.rb:110:in `call'[0m
     [36m# /home/ec2-user/.rvm/gems/ruby-3.1.2/gems/railties-6.1.7.6/lib/rails/engine.rb:539:in `call'[0m
     [36m# /home/ec2-user/.rvm/gems/ruby-3.1.2/gems/rack-2.2.8/lib/rack/urlmap.rb:74:in `block in call'[0m
     [36m# /home/ec2-user/.rvm/gems/ruby-3.1.2/gems/rack-2.2.8/lib/rack/urlmap.rb:58:in `each'[0m
     [36m# /home/ec2-user/.rvm/gems/ruby-3.1.2/gems/rack-2.2.8/lib/rack/urlmap.rb:58:in `call'[0m
     [36m# /home/ec2-user/.rvm/gems/ruby-3.1.2/gems/rack-2.2.8/lib/rack/builder.rb:244:in `call'[0m
     [36m# /home/ec2-user/.rvm/gems/ruby-3.1.2/gems/rack-test-2.1.0/lib/rack/test.rb:360:in `process_request'[0m
     [36m# /home/ec2-user/.rvm/gems/ruby-3.1.2/gems/rack-test-2.1.0/lib/rack/test.rb:163:in `custom_request'[0m
     [36m# /home/ec2-user/.rvm/gems/ruby-3.1.2/gems/rack-test-2.1.0/lib/rack/test.rb:112:in `post'[0m
     [36m# /home/ec2-user/.rvm/gems/ruby-3.1.2/gems/capybara-3.40.0/lib/capybara/rack_test/browser.rb:81:in `process'[0m
     [36m# /home/ec2-user/.rvm/gems/ruby-3.1.2/gems/capybara-3.40.0/lib/capybara/rack_test/browser.rb:56:in `process_and_follow_redirects'[0m
     [36m# /home/ec2-user/.rvm/gems/ruby-3.1.2/gems/capybara-3.40.0/lib/capybara/rack_test/browser.rb:40:in `submit'[0m
     [36m# /home/ec2-user/.rvm/gems/ruby-3.1.2/gems/capybara-3.40.0/lib/capybara/rack_test/form.rb:57:in `submit'[0m
     [36m# /home/ec2-user/.rvm/gems/ruby-3.1.2/gems/capybara-3.40.0/lib/capybara/rack_test/node.rb:69:in `click'[0m
     [36m# /home/ec2-user/.rvm/gems/ruby-3.1.2/gems/capybara-3.40.0/lib/capybara/rack_test/node.rb:131:in `call'[0m
     [36m# /home/ec2-user/.rvm/gems/ruby-3.1.2/gems/capybara-3.40.0/lib/capybara/rack_test/node.rb:131:in `click'[0m
     [36m# /home/ec2-user/.rvm/gems/ruby-3.1.2/gems/capybara-3.40.0/lib/capybara/node/element.rb:172:in `block in click'[0m
     [36m# /home/ec2-user/.rvm/gems/ruby-3.1.2/gems/capybara-3.40.0/lib/capybara/node/element.rb:608:in `block in perform_click_action'[0m
     [36m# /home/ec2-user/.rvm/gems/ruby-3.1.2/gems/capybara-3.40.0/lib/capybara/node/base.rb:84:in `synchronize'[0m
     [36m# /home/ec2-user/.rvm/gems/ruby-3.1.2/gems/capybara-3.40.0/lib/capybara/node/element.rb:608:in `perform_click_action'[0m
     [36m# /home/ec2-user/.rvm/gems/ruby-3.1.2/gems/capybara-3.40.0/lib/capybara/node/element.rb:171:in `click'[0m
     [36m# /home/ec2-user/.rvm/gems/ruby-3.1.2/gems/capybara-3.40.0/lib/capybara/node/actions.rb:58:in `click_button'[0m
     [36m# /home/ec2-user/.rvm/gems/ruby-3.1.2/gems/capybara-3.40.0/lib/capybara/session.rb:774:in `click_button'[0m
     [36m# /home/ec2-user/.rvm/gems/ruby-3.1.2/gems/capybara-3.40.0/lib/capybara/dsl.rb:52:in `call'[0m
     [36m# /home/ec2-user/.rvm/gems/ruby-3.1.2/gems/capybara-3.40.0/lib/capybara/dsl.rb:52:in `click_button'[0m
     [36m# ./spec/system/03_finishing_touches_spec.rb:159:in `block (4 levels) in <main>'[0m
     [36m# ------------------[0m
     [36m# --- Caused by: ---[0m
     [36m# NoMethodError:[0m
     [36m#   undefined method `profile_image' for nil:NilClass[0m
     [36m#   ./app/views/books/_list.html.erb:5:in `_app_views_books__list_html_erb__3611039799083279443_23980'[0m

  6) [STEP3] ä»•ä¸Šã’ã®ãƒ†ã‚¹ãƒˆ å‡¦ç†å¤±æ•—æ™‚ã®ãƒ†ã‚¹ãƒˆ æŠ•ç¨¿ãƒ‡ãƒ¼ã‚¿ã®æ›´æ–°å¤±æ•—: titleã‚’ç©ºã«ã™ã‚‹ ã‚¨ãƒ©ãƒ¼ãƒ¡ãƒƒã‚»ãƒ¼ã‚¸ãŒè¡¨ç¤ºã•ã‚Œã‚‹
     [31mFailure/Error: <% if @user.profile_image.attached? %>[0m
     [31m[0m
     [31mActionView::Template::Error:[0m
     [31m  undefined method `profile_image' for nil:NilClass[0m
     [36m# ./app/views/books/_list.html.erb:5:in `_app_views_books__list_html_erb__3611039799083279443_23980'[0m
     [36m# ./app/views/books/index.html.erb:15:in `_app_views_books_index_html_erb___751037036412300596_26760'[0m
     [36m# ./app/controllers/books_controller.rb:39:in `update'[0m
     [36m# /home/ec2-user/.rvm/gems/ruby-3.1.2/gems/actiontext-6.1.7.6/lib/action_text/rendering.rb:20:in `with_renderer'[0m
     [36m# /home/ec2-user/.rvm/gems/ruby-3.1.2/gems/actiontext-6.1.7.6/lib/action_text/engine.rb:59:in `block (4 levels) in <class:Engine>'[0m
     [36m# /home/ec2-user/.rvm/gems/ruby-3.1.2/gems/warden-1.2.9/lib/warden/manager.rb:36:in `block in call'[0m
     [36m# /home/ec2-user/.rvm/gems/ruby-3.1.2/gems/warden-1.2.9/lib/warden/manager.rb:34:in `catch'[0m
     [36m# /home/ec2-user/.rvm/gems/ruby-3.1.2/gems/warden-1.2.9/lib/warden/manager.rb:34:in `call'[0m
     [36m# /home/ec2-user/.rvm/gems/ruby-3.1.2/gems/rack-2.2.8/lib/rack/tempfile_reaper.rb:15:in `call'[0m
     [36m# /home/ec2-user/.rvm/gems/ruby-3.1.2/gems/rack-2.2.8/lib/rack/etag.rb:27:in `call'[0m
     [36m# /home/ec2-user/.rvm/gems/ruby-3.1.2/gems/rack-2.2.8/lib/rack/conditional_get.rb:40:in `call'[0m
     [36m# /home/ec2-user/.rvm/gems/ruby-3.1.2/gems/rack-2.2.8/lib/rack/head.rb:12:in `call'[0m
     [36m# /home/ec2-user/.rvm/gems/ruby-3.1.2/gems/rack-2.2.8/lib/rack/session/abstract/id.rb:266:in `context'[0m
     [36m# /home/ec2-user/.rvm/gems/ruby-3.1.2/gems/rack-2.2.8/lib/rack/session/abstract/id.rb:260:in `call'[0m
     [36m# /home/ec2-user/.rvm/gems/ruby-3.1.2/gems/railties-6.1.7.6/lib/rails/rack/logger.rb:37:in `call_app'[0m
     [36m# /home/ec2-user/.rvm/gems/ruby-3.1.2/gems/railties-6.1.7.6/lib/rails/rack/logger.rb:26:in `block in call'[0m
     [36m# /home/ec2-user/.rvm/gems/ruby-3.1.2/gems/railties-6.1.7.6/lib/rails/rack/logger.rb:26:in `call'[0m
     [36m# /home/ec2-user/.rvm/gems/ruby-3.1.2/gems/rack-2.2.8/lib/rack/method_override.rb:24:in `call'[0m
     [36m# /home/ec2-user/.rvm/gems/ruby-3.1.2/gems/rack-2.2.8/lib/rack/runtime.rb:22:in `call'[0m
     [36m# /home/ec2-user/.rvm/gems/ruby-3.1.2/gems/rack-2.2.8/lib/rack/sendfile.rb:110:in `call'[0m
     [36m# /home/ec2-user/.rvm/gems/ruby-3.1.2/gems/railties-6.1.7.6/lib/rails/engine.rb:539:in `call'[0m
     [36m# /home/ec2-user/.rvm/gems/ruby-3.1.2/gems/rack-2.2.8/lib/rack/urlmap.rb:74:in `block in call'[0m
     [36m# /home/ec2-user/.rvm/gems/ruby-3.1.2/gems/rack-2.2.8/lib/rack/urlmap.rb:58:in `each'[0m
     [36m# /home/ec2-user/.rvm/gems/ruby-3.1.2/gems/rack-2.2.8/lib/rack/urlmap.rb:58:in `call'[0m
     [36m# /home/ec2-user/.rvm/gems/ruby-3.1.2/gems/rack-2.2.8/lib/rack/builder.rb:244:in `call'[0m
     [36m# /home/ec2-user/.rvm/gems/ruby-3.1.2/gems/rack-test-2.1.0/lib/rack/test.rb:360:in `process_request'[0m
     [36m# /home/ec2-user/.rvm/gems/ruby-3.1.2/gems/rack-test-2.1.0/lib/rack/test.rb:163:in `custom_request'[0m
     [36m# /home/ec2-user/.rvm/gems/ruby-3.1.2/gems/rack-test-2.1.0/lib/rack/test.rb:112:in `post'[0m
     [36m# /home/ec2-user/.rvm/gems/ruby-3.1.2/gems/capybara-3.40.0/lib/capybara/rack_test/browser.rb:81:in `process'[0m
     [36m# /home/ec2-user/.rvm/gems/ruby-3.1.2/gems/capybara-3.40.0/lib/capybara/rack_test/browser.rb:56:in `process_and_follow_redirects'[0m
     [36m# /home/ec2-user/.rvm/gems/ruby-3.1.2/gems/capybara-3.40.0/lib/capybara/rack_test/browser.rb:40:in `submit'[0m
     [36m# /home/ec2-user/.rvm/gems/ruby-3.1.2/gems/capybara-3.40.0/lib/capybara/rack_test/form.rb:57:in `submit'[0m
     [36m# /home/ec2-user/.rvm/gems/ruby-3.1.2/gems/capybara-3.40.0/lib/capybara/rack_test/node.rb:69:in `click'[0m
     [36m# /home/ec2-user/.rvm/gems/ruby-3.1.2/gems/capybara-3.40.0/lib/capybara/rack_test/node.rb:131:in `call'[0m
     [36m# /home/ec2-user/.rvm/gems/ruby-3.1.2/gems/capybara-3.40.0/lib/capybara/rack_test/node.rb:131:in `click'[0m
     [36m# /home/ec2-user/.rvm/gems/ruby-3.1.2/gems/capybara-3.40.0/lib/capybara/node/element.rb:172:in `block in click'[0m
     [36m# /home/ec2-user/.rvm/gems/ruby-3.1.2/gems/capybara-3.40.0/lib/capybara/node/element.rb:608:in `block in perform_click_action'[0m
     [36m# /home/ec2-user/.rvm/gems/ruby-3.1.2/gems/capybara-3.40.0/lib/capybara/node/base.rb:84:in `synchronize'[0m
     [36m# /home/ec2-user/.rvm/gems/ruby-3.1.2/gems/capybara-3.40.0/lib/capybara/node/element.rb:608:in `perform_click_action'[0m
     [36m# /home/ec2-user/.rvm/gems/ruby-3.1.2/gems/capybara-3.40.0/lib/capybara/node/element.rb:171:in `click'[0m
     [36m# /home/ec2-user/.rvm/gems/ruby-3.1.2/gems/capybara-3.40.0/lib/capybara/node/actions.rb:58:in `click_button'[0m
     [36m# /home/ec2-user/.rvm/gems/ruby-3.1.2/gems/capybara-3.40.0/lib/capybara/session.rb:774:in `click_button'[0m
     [36m# /home/ec2-user/.rvm/gems/ruby-3.1.2/gems/capybara-3.40.0/lib/capybara/dsl.rb:52:in `call'[0m
     [36m# /home/ec2-user/.rvm/gems/ruby-3.1.2/gems/capybara-3.40.0/lib/capybara/dsl.rb:52:in `click_button'[0m
     [36m# ./spec/system/03_finishing_touches_spec.rb:159:in `block (4 levels) in <main>'[0m
     [36m# ------------------[0m
     [36m# --- Caused by: ---[0m
     [36m# NoMethodError:[0m
     [36m#   undefined method `profile_image' for nil:NilClass[0m
     [36m#   ./app/views/books/_list.html.erb:5:in `_app_views_books__list_html_erb__3611039799083279443_23980'[0m

  7) [STEP3] ä»•ä¸Šã’ã®ãƒ†ã‚¹ãƒˆ ä»–äººã®ç”»é¢ã®ãƒ†ã‚¹ãƒˆ ä»–äººã®æŠ•ç¨¿è©³ç´°ç”»é¢ã®ãƒ†ã‚¹ãƒˆ è¡¨ç¤ºå†…å®¹ã®ç¢ºèª ãƒ¦ãƒ¼ã‚¶ç”»åƒãƒ»åå‰ã®ãƒªãƒ³ã‚¯å…ˆãŒæ­£ã—ã„
     [31mFailure/Error: expect(page).to have_link other_book.user.name, href: user_path(other_book.user)[0m
     [31m  expected to find link "hd8n59iecx" with href "/users/2" but there were no matches[0m
     [36m# ./spec/system/03_finishing_touches_spec.rb:226:in `block (5 levels) in <main>'[0m

  8) [STEP3] ä»•ä¸Šã’ã®ãƒ†ã‚¹ãƒˆ ä»–äººã®ç”»é¢ã®ãƒ†ã‚¹ãƒˆ ä»–äººã®æŠ•ç¨¿è©³ç´°ç”»é¢ã®ãƒ†ã‚¹ãƒˆ è¡¨ç¤ºå†…å®¹ã®ç¢ºèª æŠ•ç¨¿ã®ç·¨é›†ãƒªãƒ³ã‚¯ãŒè¡¨ç¤ºã•ã‚Œãªã„
     [31mFailure/Error: expect(page).not_to have_link 'Edit'[0m
     [31m  expected not to find visible link "Edit", found 1 match: "Edit"[0m
     [36m# ./spec/system/03_finishing_touches_spec.rb:235:in `block (5 levels) in <main>'[0m

  9) [STEP3] ä»•ä¸Šã’ã®ãƒ†ã‚¹ãƒˆ ä»–äººã®ç”»é¢ã®ãƒ†ã‚¹ãƒˆ ä»–äººã®æŠ•ç¨¿è©³ç´°ç”»é¢ã®ãƒ†ã‚¹ãƒˆ è¡¨ç¤ºå†…å®¹ã®ç¢ºèª æŠ•ç¨¿ã®å‰Šé™¤ãƒªãƒ³ã‚¯ãŒè¡¨ç¤ºã•ã‚Œãªã„
     [31mFailure/Error: expect(page).not_to have_link 'Destroy'[0m
     [31m  expected not to find visible link "Destroy", found 1 match: "Destroy"[0m
     [36m# ./spec/system/03_finishing_touches_spec.rb:238:in `block (5 levels) in <main>'[0m

  10) [STEP3] ä»•ä¸Šã’ã®ãƒ†ã‚¹ãƒˆ ä»–äººã®ç”»é¢ã®ãƒ†ã‚¹ãƒˆ ä»–äººã®æŠ•ç¨¿è©³ç´°ç”»é¢ã®ãƒ†ã‚¹ãƒˆ ã‚µã‚¤ãƒ‰ãƒãƒ¼ã®ç¢ºèª ä»–äººã®åå‰ã¨ç´¹ä»‹æ–‡ãŒè¡¨ç¤ºã•ã‚Œã‚‹
      [31mFailure/Error: expect(page).to have_content other_user.introduction[0m
      [31m  expected to find text "lp4ym6vhg7jxyq9hd5zg" in "Bookers\nHome Users Books Log out\nUser info\nã€€ name 3z8oswr1p1 introduction 7di554ss1ssqxonokgtf\nã€€\nNew book\nTitle\nOpinion\n8yai2962efb3xv056plj\nBook detail\nmxdhq5mrjy 5qtcv 8yai2962efb3xv056plj Edit Destroy\nCopyRight Infratop.inc"[0m
      [36m# ./spec/system/03_finishing_touches_spec.rb:245:in `block (5 levels) in <main>'[0m

  11) [STEP3] ä»•ä¸Šã’ã®ãƒ†ã‚¹ãƒˆ ä»–äººã®ç”»é¢ã®ãƒ†ã‚¹ãƒˆ ä»–äººã®æŠ•ç¨¿è©³ç´°ç”»é¢ã®ãƒ†ã‚¹ãƒˆ ã‚µã‚¤ãƒ‰ãƒãƒ¼ã®ç¢ºèª ä»–äººã®ãƒ¦ãƒ¼ã‚¶ç·¨é›†ç”»é¢ã¸ã®ãƒªãƒ³ã‚¯ãŒå­˜åœ¨ã™ã‚‹
      [31mFailure/Error: expect(page).to have_link '', href: edit_user_path(other_user)[0m
      [31m  expected to find link "" with href "/users/2/edit" but there were no matches[0m
      [36m# ./spec/system/03_finishing_touches_spec.rb:248:in `block (5 levels) in <main>'[0m

  12) [STEP3] ä»•ä¸Šã’ã®ãƒ†ã‚¹ãƒˆ ä»–äººã®ç”»é¢ã®ãƒ†ã‚¹ãƒˆ ä»–äººã®æŠ•ç¨¿è©³ç´°ç”»é¢ã®ãƒ†ã‚¹ãƒˆ ã‚µã‚¤ãƒ‰ãƒãƒ¼ã®ç¢ºèª è‡ªåˆ†ã®åå‰ã¨ç´¹ä»‹æ–‡ã¯è¡¨ç¤ºã•ã‚Œãªã„
      [31mFailure/Error: expect(page).not_to have_content user.name[0m
      [31m  expected not to find text "7mwso5ku5j" in "Bookers\nHome Users Books Log out\nUser info\nã€€ name 7mwso5ku5j introduction kqjrr8lo3kh4w123gh3g\nã€€\nNew book\nTitle\nOpinion\nz6s2vg706o4rcqx1izvg\nBook detail\nxqk7u75l68 d8ah0 z6s2vg706o4rcqx1izvg Edit Destroy\nCopyRight Infratop.inc"[0m
      [36m# ./spec/system/03_finishing_touches_spec.rb:251:in `block (5 levels) in <main>'[0m

  13) [STEP3] ä»•ä¸Šã’ã®ãƒ†ã‚¹ãƒˆ ä»–äººã®ç”»é¢ã®ãƒ†ã‚¹ãƒˆ ä»–äººã®æŠ•ç¨¿è©³ç´°ç”»é¢ã®ãƒ†ã‚¹ãƒˆ ã‚µã‚¤ãƒ‰ãƒãƒ¼ã®ç¢ºèª è‡ªåˆ†ã®ãƒ¦ãƒ¼ã‚¶ç·¨é›†ç”»é¢ã¸ã®ãƒªãƒ³ã‚¯ã¯å­˜åœ¨ã—ãªã„
      [31mFailure/Error: expect(page).not_to have_link '', href: edit_user_path(user)[0m
      [31m  expected not to find visible link "" with href "/users/1/edit", found 1 match: ""[0m
      [36m# ./spec/system/03_finishing_touches_spec.rb:255:in `block (5 levels) in <main>'[0m

  14) [STEP3] ä»•ä¸Šã’ã®ãƒ†ã‚¹ãƒˆ ä»–äººã®ç”»é¢ã®ãƒ†ã‚¹ãƒˆ ä»–äººã®æŠ•ç¨¿ç·¨é›†ç”»é¢ é·ç§»ã§ããšã€æŠ•ç¨¿ä¸€è¦§ç”»é¢ã«ãƒªãƒ€ã‚¤ãƒ¬ã‚¯ãƒˆã•ã‚Œã‚‹
      [31mFailure/Error: expect(current_path).to eq '/books'[0m
      [31m[0m
      [31m  expected: "/books"[0m
      [31m       got: "/books/3/edit"[0m
      [31m[0m
      [31m  (compared using ==)[0m
      [36m# ./spec/system/03_finishing_touches_spec.rb:269:in `block (4 levels) in <main>'[0m

  15) [STEP3] ä»•ä¸Šã’ã®ãƒ†ã‚¹ãƒˆ ä»–äººã®ç”»é¢ã®ãƒ†ã‚¹ãƒˆ ä»–äººã®ãƒ¦ãƒ¼ã‚¶è©³ç´°ç”»é¢ã®ãƒ†ã‚¹ãƒˆ ã‚µã‚¤ãƒ‰ãƒãƒ¼ã®ç¢ºèª ä»–äººã®ãƒ¦ãƒ¼ã‚¶ç·¨é›†ç”»é¢ã¸ã®ãƒªãƒ³ã‚¯ãŒå­˜åœ¨ã™ã‚‹
      [31mFailure/Error: expect(page).to have_link '', href: edit_user_path(other_user)[0m
      [31m  expected to find link "" with href "/users/2/edit" but there were no matches[0m
      [36m# ./spec/system/03_finishing_touches_spec.rb:303:in `block (5 levels) in <main>'[0m

  16) [STEP3] ä»•ä¸Šã’ã®ãƒ†ã‚¹ãƒˆ ä»–äººã®ç”»é¢ã®ãƒ†ã‚¹ãƒˆ ä»–äººã®ãƒ¦ãƒ¼ã‚¶æƒ…å ±ç·¨é›†ç”»é¢ é·ç§»ã§ããšã€è‡ªåˆ†ã®ãƒ¦ãƒ¼ã‚¶è©³ç´°ç”»é¢ã«ãƒªãƒ€ã‚¤ãƒ¬ã‚¯ãƒˆã•ã‚Œã‚‹
      [31mFailure/Error: expect(current_path).to eq '/users/' + user.id.to_s[0m
      [31m[0m
      [31m  expected: "/users/1"[0m
      [31m       got: "/books"[0m
      [31m[0m
      [31m  (compared using ==)[0m
      [36m# ./spec/system/03_finishing_touches_spec.rb:318:in `block (4 levels) in <main>'[0m

  17) [STEP3] ä»•ä¸Šã’ã®ãƒ†ã‚¹ãƒˆ ã‚°ãƒªãƒƒãƒ‰ã‚·ã‚¹ãƒ†ãƒ ã®ãƒ†ã‚¹ãƒˆ: container, row, col-md-ã€‡ã‚’æ­£ã—ãä½¿ãˆã¦ã„ã‚‹ æŠ•ç¨¿ä¸€è¦§ç”»é¢
      [31mFailure/Error: is_expected.to have_selector '.container .row .col-md-3'[0m
      [31m  expected to find css ".container .row .col-md-3" but there were no matches[0m
      [36m# ./spec/system/03_finishing_touches_spec.rb:345:in `block (3 levels) in <main>'[0m

  18) [STEP3] ä»•ä¸Šã’ã®ãƒ†ã‚¹ãƒˆ ã‚°ãƒªãƒƒãƒ‰ã‚·ã‚¹ãƒ†ãƒ ã®ãƒ†ã‚¹ãƒˆ: container, row, col-md-ã€‡ã‚’æ­£ã—ãä½¿ãˆã¦ã„ã‚‹ æŠ•ç¨¿è©³ç´°ç”»é¢
      [31mFailure/Error: is_expected.to have_selector '.container .row .col-md-3'[0m
      [31m  expected to find css ".container .row .col-md-3" but there were no matches[0m
      [36m# ./spec/system/03_finishing_touches_spec.rb:350:in `block (3 levels) in <main>'[0m

  19) [STEP3] ä»•ä¸Šã’ã®ãƒ†ã‚¹ãƒˆ ã‚¢ã‚¤ã‚³ãƒ³ã®ãƒ†ã‚¹ãƒˆ ãƒ˜ãƒƒãƒ€ãƒ¼: ãƒ­ã‚°ã‚¤ãƒ³ã—ã¦ã„ã‚‹å ´åˆ Log outãƒªãƒ³ã‚¯ã®ã‚¢ã‚¤ã‚³ãƒ³ãŒè¡¨ç¤ºã•ã‚Œã‚‹
      [31mFailure/Error: is_expected.to have_selector '.fa-solid.fa-right-from-bracket, .fa-solid.fa-sign-out-alt, .fas.fa-sign-out-alt'[0m
      [31m  expected to find css ".fa-solid.fa-right-from-bracket, .fa-solid.fa-sign-out-alt, .fas.fa-sign-out-alt" but there were no matches[0m
      [36m# ./spec/system/03_finishing_touches_spec.rb:421:in `block (4 levels) in <main>'[0m

  20) [STEP3] ä»•ä¸Šã’ã®ãƒ†ã‚¹ãƒˆ ã‚¢ã‚¤ã‚³ãƒ³ã®ãƒ†ã‚¹ãƒˆ ã‚µã‚¤ãƒ‰ãƒãƒ¼ ãƒ¦ãƒ¼ã‚¶ä¸€è¦§ç”»é¢ã§ãƒ¬ãƒ³ãƒã‚¢ã‚¤ã‚³ãƒ³ãŒè¡¨ç¤ºã•ã‚Œã‚‹
      [31mFailure/Error: is_expected.to have_selector '.fa-solid.fa-user-gear, .fa-solid.fa-user-cog, .fas.fa-user-cog'[0m
      [31m  expected to find css ".fa-solid.fa-user-gear, .fa-solid.fa-user-cog, .fas.fa-user-cog" but there were no matches[0m
      [36m# ./spec/system/03_finishing_touches_spec.rb:437:in `block (4 levels) in <main>'[0m

  21) [STEP3] ä»•ä¸Šã’ã®ãƒ†ã‚¹ãƒˆ ã‚¢ã‚¤ã‚³ãƒ³ã®ãƒ†ã‚¹ãƒˆ ã‚µã‚¤ãƒ‰ãƒãƒ¼ ãƒ¦ãƒ¼ã‚¶è©³ç´°ç”»é¢ã§ãƒ¬ãƒ³ãƒã‚¢ã‚¤ã‚³ãƒ³ãŒè¡¨ç¤ºã•ã‚Œã‚‹
      [31mFailure/Error: is_expected.to have_selector '.fa-solid.fa-user-gear, .fa-solid.fa-user-cog, .fas.fa-user-cog'[0m
      [31m  expected to find css ".fa-solid.fa-user-gear, .fa-solid.fa-user-cog, .fas.fa-user-cog" but there were no matches[0m
      [36m# ./spec/system/03_finishing_touches_spec.rb:441:in `block (4 levels) in <main>'[0m

  22) [STEP3] ä»•ä¸Šã’ã®ãƒ†ã‚¹ãƒˆ ã‚¢ã‚¤ã‚³ãƒ³ã®ãƒ†ã‚¹ãƒˆ ã‚µã‚¤ãƒ‰ãƒãƒ¼ æŠ•ç¨¿ä¸€è¦§ç”»é¢ã§ãƒ¬ãƒ³ãƒã‚¢ã‚¤ã‚³ãƒ³ãŒè¡¨ç¤ºã•ã‚Œã‚‹
      [31mFailure/Error: is_expected.to have_selector '.fa-solid.fa-user-gear, .fa-solid.fa-user-cog, .fas.fa-user-cog'[0m
      [31m  expected to find css ".fa-solid.fa-user-gear, .fa-solid.fa-user-cog, .fas.fa-user-cog" but there were no matches[0m
      [36m# ./spec/system/03_finishing_touches_spec.rb:445:in `block (4 levels) in <main>'[0m

  23) [STEP3] ä»•ä¸Šã’ã®ãƒ†ã‚¹ãƒˆ ã‚¢ã‚¤ã‚³ãƒ³ã®ãƒ†ã‚¹ãƒˆ ã‚µã‚¤ãƒ‰ãƒãƒ¼ æŠ•ç¨¿è©³ç´°ç”»é¢ã§ãƒ¬ãƒ³ãƒã‚¢ã‚¤ã‚³ãƒ³ãŒè¡¨ç¤ºã•ã‚Œã‚‹
      [31mFailure/Error: is_expected.to have_selector '.fa-solid.fa-user-gear, .fa-solid.fa-user-cog, .fas.fa-user-cog'[0m
      [31m  expected to find css ".fa-solid.fa-user-gear, .fa-solid.fa-user-cog, .fas.fa-user-cog" but there were no matches[0m
      [36m# ./spec/system/03_finishing_touches_spec.rb:449:in `block (4 levels) in <main>'[0m

Finished in 44.84 seconds (files took 3.71 seconds to load)
[31m201 examples, 23 failures[0m

Failed examples:

[31mrspec ./spec/system/02_after_login_spec.rb:50[0m [36m# [STEP2] ãƒ¦ãƒ¼ã‚¶ãƒ­ã‚°ã‚¤ãƒ³å¾Œã®ãƒ†ã‚¹ãƒˆ æŠ•ç¨¿ä¸€è¦§ç”»é¢ã®ãƒ†ã‚¹ãƒˆ è¡¨ç¤ºå†…å®¹ã®ç¢ºèª è‡ªåˆ†ã¨ä»–äººã®ç”»åƒã®ãƒªãƒ³ã‚¯å…ˆãŒæ­£ã—ã„[0m
[31mrspec ./spec/system/02_after_login_spec.rb:157[0m [36m# [STEP2] ãƒ¦ãƒ¼ã‚¶ãƒ­ã‚°ã‚¤ãƒ³å¾Œã®ãƒ†ã‚¹ãƒˆ è‡ªåˆ†ã®æŠ•ç¨¿è©³ç´°ç”»é¢ã®ãƒ†ã‚¹ãƒˆ ã‚µã‚¤ãƒ‰ãƒãƒ¼ã®ç¢ºèª bodyãƒ•ã‚©ãƒ¼ãƒ ã«å€¤ãŒå…¥ã£ã¦ã„ãªã„[0m
[31mrspec ./spec/system/02_after_login_spec.rb:171[0m [36m# [STEP2] ãƒ¦ãƒ¼ã‚¶ãƒ­ã‚°ã‚¤ãƒ³å¾Œã®ãƒ†ã‚¹ãƒˆ è‡ªåˆ†ã®æŠ•ç¨¿è©³ç´°ç”»é¢ã®ãƒ†ã‚¹ãƒˆ æŠ•ç¨¿æˆåŠŸã®ãƒ†ã‚¹ãƒˆ è‡ªåˆ†ã®æ–°ã—ã„æŠ•ç¨¿ãŒæ­£ã—ãä¿å­˜ã•ã‚Œã‚‹[0m
[31mrspec ./spec/system/03_finishing_touches_spec.rb:162[0m [36m# [STEP3] ä»•ä¸Šã’ã®ãƒ†ã‚¹ãƒˆ å‡¦ç†å¤±æ•—æ™‚ã®ãƒ†ã‚¹ãƒˆ æŠ•ç¨¿ãƒ‡ãƒ¼ã‚¿ã®æ›´æ–°å¤±æ•—: titleã‚’ç©ºã«ã™ã‚‹ æŠ•ç¨¿ãŒæ›´æ–°ã•ã‚Œãªã„[0m
[31mrspec ./spec/system/03_finishing_touches_spec.rb:165[0m [36m# [STEP3] ä»•ä¸Šã’ã®ãƒ†ã‚¹ãƒˆ å‡¦ç†å¤±æ•—æ™‚ã®ãƒ†ã‚¹ãƒˆ æŠ•ç¨¿ãƒ‡ãƒ¼ã‚¿ã®æ›´æ–°å¤±æ•—: titleã‚’ç©ºã«ã™ã‚‹ æŠ•ç¨¿ç·¨é›†ç”»é¢ã‚’è¡¨ç¤ºã—ã¦ãŠã‚Šã€ãƒ•ã‚©ãƒ¼ãƒ ã®å†…å®¹ãŒæ­£ã—ã„[0m
[31mrspec ./spec/system/03_finishing_touches_spec.rb:170[0m [36m# [STEP3] ä»•ä¸Šã’ã®ãƒ†ã‚¹ãƒˆ å‡¦ç†å¤±æ•—æ™‚ã®ãƒ†ã‚¹ãƒˆ æŠ•ç¨¿ãƒ‡ãƒ¼ã‚¿ã®æ›´æ–°å¤±æ•—: titleã‚’ç©ºã«ã™ã‚‹ ã‚¨ãƒ©ãƒ¼ãƒ¡ãƒƒã‚»ãƒ¼ã‚¸ãŒè¡¨ç¤ºã•ã‚Œã‚‹[0m
[31mrspec ./spec/system/03_finishing_touches_spec.rb:225[0m [36m# [STEP3] ä»•ä¸Šã’ã®ãƒ†ã‚¹ãƒˆ ä»–äººã®ç”»é¢ã®ãƒ†ã‚¹ãƒˆ ä»–äººã®æŠ•ç¨¿è©³ç´°ç”»é¢ã®ãƒ†ã‚¹ãƒˆ è¡¨ç¤ºå†…å®¹ã®ç¢ºèª ãƒ¦ãƒ¼ã‚¶ç”»åƒãƒ»åå‰ã®ãƒªãƒ³ã‚¯å…ˆãŒæ­£ã—ã„[0m
[31mrspec ./spec/system/03_finishing_touches_spec.rb:234[0m [36m# [STEP3] ä»•ä¸Šã’ã®ãƒ†ã‚¹ãƒˆ ä»–äººã®ç”»é¢ã®ãƒ†ã‚¹ãƒˆ ä»–äººã®æŠ•ç¨¿è©³ç´°ç”»é¢ã®ãƒ†ã‚¹ãƒˆ è¡¨ç¤ºå†…å®¹ã®ç¢ºèª æŠ•ç¨¿ã®ç·¨é›†ãƒªãƒ³ã‚¯ãŒè¡¨ç¤ºã•ã‚Œãªã„[0m
[31mrspec ./spec/system/03_finishing_touches_spec.rb:237[0m [36m# [STEP3] ä»•ä¸Šã’ã®ãƒ†ã‚¹ãƒˆ ä»–äººã®ç”»é¢ã®ãƒ†ã‚¹ãƒˆ ä»–äººã®æŠ•ç¨¿è©³ç´°ç”»é¢ã®ãƒ†ã‚¹ãƒˆ è¡¨ç¤ºå†…å®¹ã®ç¢ºèª æŠ•ç¨¿ã®å‰Šé™¤ãƒªãƒ³ã‚¯ãŒè¡¨ç¤ºã•ã‚Œãªã„[0m
[31mrspec ./spec/system/03_finishing_touches_spec.rb:243[0m [36m# [STEP3] ä»•ä¸Šã’ã®ãƒ†ã‚¹ãƒˆ ä»–äººã®ç”»é¢ã®ãƒ†ã‚¹ãƒˆ ä»–äººã®æŠ•ç¨¿è©³ç´°ç”»é¢ã®ãƒ†ã‚¹ãƒˆ ã‚µã‚¤ãƒ‰ãƒãƒ¼ã®ç¢ºèª ä»–äººã®åå‰ã¨ç´¹ä»‹æ–‡ãŒè¡¨ç¤ºã•ã‚Œã‚‹[0m
[31mrspec ./spec/system/03_finishing_touches_spec.rb:247[0m [36m# [STEP3] ä»•ä¸Šã’ã®ãƒ†ã‚¹ãƒˆ ä»–äººã®ç”»é¢ã®ãƒ†ã‚¹ãƒˆ ä»–äººã®æŠ•ç¨¿è©³ç´°ç”»é¢ã®ãƒ†ã‚¹ãƒˆ ã‚µã‚¤ãƒ‰ãƒãƒ¼ã®ç¢ºèª ä»–äººã®ãƒ¦ãƒ¼ã‚¶ç·¨é›†ç”»é¢ã¸ã®ãƒªãƒ³ã‚¯ãŒå­˜åœ¨ã™ã‚‹[0m
[31mrspec ./spec/system/03_finishing_touches_spec.rb:250[0m [36m# [STEP3] ä»•ä¸Šã’ã®ãƒ†ã‚¹ãƒˆ ä»–äººã®ç”»é¢ã®ãƒ†ã‚¹ãƒˆ ä»–äººã®æŠ•ç¨¿è©³ç´°ç”»é¢ã®ãƒ†ã‚¹ãƒˆ ã‚µã‚¤ãƒ‰ãƒãƒ¼ã®ç¢ºèª è‡ªåˆ†ã®åå‰ã¨ç´¹ä»‹æ–‡ã¯è¡¨ç¤ºã•ã‚Œãªã„[0m
[31mrspec ./spec/system/03_finishing_touches_spec.rb:254[0m [36m# [STEP3] ä»•ä¸Šã’ã®ãƒ†ã‚¹ãƒˆ ä»–äººã®ç”»é¢ã®ãƒ†ã‚¹ãƒˆ ä»–äººã®æŠ•ç¨¿è©³ç´°ç”»é¢ã®ãƒ†ã‚¹ãƒˆ ã‚µã‚¤ãƒ‰ãƒãƒ¼ã®ç¢ºèª è‡ªåˆ†ã®ãƒ¦ãƒ¼ã‚¶ç·¨é›†ç”»é¢ã¸ã®ãƒªãƒ³ã‚¯ã¯å­˜åœ¨ã—ãªã„[0m
[31mrspec ./spec/system/03_finishing_touches_spec.rb:265[0m [36m# [STEP3] ä»•ä¸Šã’ã®ãƒ†ã‚¹ãƒˆ ä»–äººã®ç”»é¢ã®ãƒ†ã‚¹ãƒˆ ä»–äººã®æŠ•ç¨¿ç·¨é›†ç”»é¢ é·ç§»ã§ããšã€æŠ•ç¨¿ä¸€è¦§ç”»é¢ã«ãƒªãƒ€ã‚¤ãƒ¬ã‚¯ãƒˆã•ã‚Œã‚‹[0m
[31mrspec ./spec/system/03_finishing_touches_spec.rb:302[0m [36m# [STEP3] ä»•ä¸Šã’ã®ãƒ†ã‚¹ãƒˆ ä»–äººã®ç”»é¢ã®ãƒ†ã‚¹ãƒˆ ä»–äººã®ãƒ¦ãƒ¼ã‚¶è©³ç´°ç”»é¢ã®ãƒ†ã‚¹ãƒˆ ã‚µã‚¤ãƒ‰ãƒãƒ¼ã®ç¢ºèª ä»–äººã®ãƒ¦ãƒ¼ã‚¶ç·¨é›†ç”»é¢ã¸ã®ãƒªãƒ³ã‚¯ãŒå­˜åœ¨ã™ã‚‹[0m
[31mrspec ./spec/system/03_finishing_touches_spec.rb:316[0m [36m# [STEP3] ä»•ä¸Šã’ã®ãƒ†ã‚¹ãƒˆ ä»–äººã®ç”»é¢ã®ãƒ†ã‚¹ãƒˆ ä»–äººã®ãƒ¦ãƒ¼ã‚¶æƒ…å ±ç·¨é›†ç”»é¢ é·ç§»ã§ããšã€è‡ªåˆ†ã®ãƒ¦ãƒ¼ã‚¶è©³ç´°ç”»é¢ã«ãƒªãƒ€ã‚¤ãƒ¬ã‚¯ãƒˆã•ã‚Œã‚‹[0m
[31mrspec ./spec/system/03_finishing_touches_spec.rb:343[0m [36m# [STEP3] ä»•ä¸Šã’ã®ãƒ†ã‚¹ãƒˆ ã‚°ãƒªãƒƒãƒ‰ã‚·ã‚¹ãƒ†ãƒ ã®ãƒ†ã‚¹ãƒˆ: container, row, col-md-ã€‡ã‚’æ­£ã—ãä½¿ãˆã¦ã„ã‚‹ æŠ•ç¨¿ä¸€è¦§ç”»é¢[0m
[31mrspec ./spec/system/03_finishing_touches_spec.rb:348[0m [36m# [STEP3] ä»•ä¸Šã’ã®ãƒ†ã‚¹ãƒˆ ã‚°ãƒªãƒƒãƒ‰ã‚·ã‚¹ãƒ†ãƒ ã®ãƒ†ã‚¹ãƒˆ: container, row, col-md-ã€‡ã‚’æ­£ã—ãä½¿ãˆã¦ã„ã‚‹ æŠ•ç¨¿è©³ç´°ç”»é¢[0m
[31mrspec ./spec/system/03_finishing_touches_spec.rb:420[0m [36m# [STEP3] ä»•ä¸Šã’ã®ãƒ†ã‚¹ãƒˆ ã‚¢ã‚¤ã‚³ãƒ³ã®ãƒ†ã‚¹ãƒˆ ãƒ˜ãƒƒãƒ€ãƒ¼: ãƒ­ã‚°ã‚¤ãƒ³ã—ã¦ã„ã‚‹å ´åˆ Log outãƒªãƒ³ã‚¯ã®ã‚¢ã‚¤ã‚³ãƒ³ãŒè¡¨ç¤ºã•ã‚Œã‚‹[0m
[31mrspec ./spec/system/03_finishing_touches_spec.rb:435[0m [36m# [STEP3] ä»•ä¸Šã’ã®ãƒ†ã‚¹ãƒˆ ã‚¢ã‚¤ã‚³ãƒ³ã®ãƒ†ã‚¹ãƒˆ ã‚µã‚¤ãƒ‰ãƒãƒ¼ ãƒ¦ãƒ¼ã‚¶ä¸€è¦§ç”»é¢ã§ãƒ¬ãƒ³ãƒã‚¢ã‚¤ã‚³ãƒ³ãŒè¡¨ç¤ºã•ã‚Œã‚‹[0m
[31mrspec ./spec/system/03_finishing_touches_spec.rb:439[0m [36m# [STEP3] ä»•ä¸Šã’ã®ãƒ†ã‚¹ãƒˆ ã‚¢ã‚¤ã‚³ãƒ³ã®ãƒ†ã‚¹ãƒˆ ã‚µã‚¤ãƒ‰ãƒãƒ¼ ãƒ¦ãƒ¼ã‚¶è©³ç´°ç”»é¢ã§ãƒ¬ãƒ³ãƒã‚¢ã‚¤ã‚³ãƒ³ãŒè¡¨ç¤ºã•ã‚Œã‚‹[0m
[31mrspec ./spec/system/03_finishing_touches_spec.rb:443[0m [36m# [STEP3] ä»•ä¸Šã’ã®ãƒ†ã‚¹ãƒˆ ã‚¢ã‚¤ã‚³ãƒ³ã®ãƒ†ã‚¹ãƒˆ ã‚µã‚¤ãƒ‰ãƒãƒ¼ æŠ•ç¨¿ä¸€è¦§ç”»é¢ã§ãƒ¬ãƒ³ãƒã‚¢ã‚¤ã‚³ãƒ³ãŒè¡¨ç¤ºã•ã‚Œã‚‹[0m
[31mrspec ./spec/system/03_finishing_touches_spec.rb:447[0m [36m# [STEP3] ä»•ä¸Šã’ã®ãƒ†ã‚¹ãƒˆ ã‚¢ã‚¤ã‚³ãƒ³ã®ãƒ†ã‚¹ãƒˆ ã‚µã‚¤ãƒ‰ãƒãƒ¼ æŠ•ç¨¿è©³ç´°ç”»é¢ã§ãƒ¬ãƒ³ãƒã‚¢ã‚¤ã‚³ãƒ³ãŒè¡¨ç¤ºã•ã‚Œã‚‹[0m

